<?xml version="1.0" encoding="UTF-8"?>
<!-- Generated by org.testng.reporters.JUnitReportReporter -->
<testsuite skipped="0" hostname="DESKTOP-6QDS2AB" name="org.testing.Testscripts.TC5" tests="1" failures="0" timestamp="2020-08-09T01:06:03 IST" time="30.556" errors="0">
  <testcase name="method2" time="30.556" classname="org.testing.Testscripts.TC5"/>
  <system-out/>
</testsuite> <!-- org.testing.Testscripts.TC5 -->
